{"level":"info","message":"Hello from Acquisitions!","service":"acquisitions-api"}
{"level":"info","message":"::1 - - [28/Feb/2026:05:50:38 +0000] \"GET / HTTP/1.1\" 304 - \"-\" \"Mozilla/5.0 (Macintosh; Intel Mac OS X 10_15_7) AppleWebKit/537.36 (KHTML, like Gecko) Cursor/2.5.26 Chrome/142.0.7444.265 Electron/39.4.0 Safari/537.36\"","service":"acquisitions-api"}
{"level":"info","message":"Hello from Acquisitions!","service":"acquisitions-api"}
{"level":"info","message":"::1 - - [28/Feb/2026:05:50:43 +0000] \"GET / HTTP/1.1\" 200 24 \"-\" \"Mozilla/5.0 (Macintosh; Intel Mac OS X 10_15_7) AppleWebKit/537.36 (KHTML, like Gecko) Cursor/2.5.26 Chrome/142.0.7444.265 Electron/39.4.0 Safari/537.36\"","service":"acquisitions-api"}
{"level":"info","message":"Hello from Acquisitions!","service":"acquisitions-api"}
{"level":"info","message":"::1 - - [28/Feb/2026:07:01:37 +0000] \"GET / HTTP/1.1\" 200 24 \"-\" \"Mozilla/5.0 (Macintosh; Intel Mac OS X 10_15_7) AppleWebKit/537.36 (KHTML, like Gecko) Chrome/143.0.0.0 Safari/537.36\"","service":"acquisitions-api"}
{"level":"info","message":"::1 - - [28/Feb/2026:07:05:42 +0000] \"GET /api HTTP/1.1\" 200 42 \"-\" \"Mozilla/5.0 (Macintosh; Intel Mac OS X 10_15_7) AppleWebKit/537.36 (KHTML, like Gecko) Chrome/143.0.0.0 Safari/537.36\"","service":"acquisitions-api"}
{"level":"info","message":"::1 - - [28/Feb/2026:07:06:06 +0000] \"GET /health HTTP/1.1\" 200 77 \"-\" \"Mozilla/5.0 (Macintosh; Intel Mac OS X 10_15_7) AppleWebKit/537.36 (KHTML, like Gecko) Chrome/143.0.0.0 Safari/537.36\"","service":"acquisitions-api"}
{"level":"info","message":"Hello from Acquisitions!","service":"acquisitions-api"}
{"level":"info","message":"::1 - - [28/Feb/2026:07:11:03 +0000] \"GET / HTTP/1.1\" 200 24 \"-\" \"PostmanRuntime/7.48.0\"","service":"acquisitions-api"}
{"level":"info","message":"::1 - - [28/Feb/2026:07:11:20 +0000] \"GET /api HTTP/1.1\" 200 42 \"-\" \"PostmanRuntime/7.48.0\"","service":"acquisitions-api"}
{"level":"info","message":"::1 - - [28/Feb/2026:07:11:29 +0000] \"GET /health HTTP/1.1\" 200 77 \"-\" \"PostmanRuntime/7.48.0\"","service":"acquisitions-api"}
{"level":"info","message":"::1 - - [28/Feb/2026:07:12:46 +0000] \"POST /api/auth/signup HTTP/1.1\" 404 155 \"-\" \"PostmanRuntime/7.48.0\"","service":"acquisitions-api"}
{"level":"info","message":"::1 - - [28/Feb/2026:07:12:50 +0000] \"POST /api/auth/sign-up HTTP/1.1\" 200 31 \"-\" \"PostmanRuntime/7.48.0\"","service":"acquisitions-api"}
{"level":"info","message":"Hello from Acquisitions!","service":"acquisitions-api"}
{"level":"info","message":"::1 - - [28/Feb/2026:13:42:48 +0000] \"GET / HTTP/1.1\" 304 - \"-\" \"Mozilla/5.0 (Macintosh; Intel Mac OS X 10_15_7) AppleWebKit/537.36 (KHTML, like Gecko) Chrome/143.0.0.0 Safari/537.36\"","service":"acquisitions-api"}
{"level":"info","message":"::1 - - [28/Feb/2026:13:43:07 +0000] \"POST / HTTP/1.1\" 404 140 \"-\" \"PostmanRuntime/7.48.0\"","service":"acquisitions-api"}
{"level":"info","message":"Hello from Acquisitions!","service":"acquisitions-api"}
{"level":"info","message":"::1 - - [28/Feb/2026:13:43:17 +0000] \"GET / HTTP/1.1\" 200 24 \"-\" \"PostmanRuntime/7.48.0\"","service":"acquisitions-api"}
{"level":"info","message":"::1 - - [28/Feb/2026:13:43:51 +0000] \"POST /api/auth/sign-up HTTP/1.1\" 200 31 \"-\" \"PostmanRuntime/7.48.0\"","service":"acquisitions-api"}
{"level":"info","message":"::1 - - [28/Feb/2026:13:44:02 +0000] \"POST /api/auth/sign-in/ HTTP/1.1\" 200 31 \"-\" \"PostmanRuntime/7.48.0\"","service":"acquisitions-api"}
{"level":"info","message":"::1 - - [28/Feb/2026:13:44:07 +0000] \"POST /api/auth/sign-ind/ HTTP/1.1\" 404 158 \"-\" \"PostmanRuntime/7.48.0\"","service":"acquisitions-api"}
{"level":"info","message":"::1 - - [28/Feb/2026:13:44:39 +0000] \"POST /api/auth/sign-up/ HTTP/1.1\" 200 31 \"-\" \"PostmanRuntime/7.48.0\"","service":"acquisitions-api"}
{"level":"info","message":"::1 - - [28/Feb/2026:13:48:53 +0000] \"POST /api/auth/sign-up/ HTTP/1.1\" 400 92 \"-\" \"PostmanRuntime/7.48.0\"","service":"acquisitions-api"}
{"level":"info","message":"::1 - - [28/Feb/2026:13:52:57 +0000] \"POST /api/auth/sign-up/ HTTP/1.1\" 400 144 \"-\" \"PostmanRuntime/7.48.0\"","service":"acquisitions-api"}
{"level":"info","message":"::1 - - [28/Feb/2026:13:53:12 +0000] \"POST /api/auth/sign-up/ HTTP/1.1\" 400 92 \"-\" \"PostmanRuntime/7.48.0\"","service":"acquisitions-api"}
{"level":"info","message":"::1 - - [28/Feb/2026:13:53:26 +0000] \"POST /api/auth/sign-up/ HTTP/1.1\" 400 144 \"-\" \"PostmanRuntime/7.48.0\"","service":"acquisitions-api"}
{"level":"info","message":"::1 - - [28/Feb/2026:13:53:43 +0000] \"POST /api/auth/sign-up/ HTTP/1.1\" 400 92 \"-\" \"PostmanRuntime/7.48.0\"","service":"acquisitions-api"}
{"level":"info","message":"::1 - - [28/Feb/2026:13:54:05 +0000] \"POST /api/auth/sign-up/ HTTP/1.1\" 500 1425 \"-\" \"PostmanRuntime/7.48.0\"","service":"acquisitions-api"}
{"level":"info","message":"::1 - - [28/Feb/2026:13:56:47 +0000] \"POST /api/auth/sign-up/ HTTP/1.1\" 400 91 \"-\" \"PostmanRuntime/7.48.0\"","service":"acquisitions-api"}
{"level":"info","message":"::1 - - [28/Feb/2026:14:02:11 +0000] \"POST /api/auth/sign-up/ HTTP/1.1\" 500 1425 \"-\" \"PostmanRuntime/7.48.0\"","service":"acquisitions-api"}
{"level":"info","message":"::1 - - [28/Feb/2026:14:05:53 +0000] \"GET /health HTTP/1.1\" 200 76 \"-\" \"curl/8.7.1\"","service":"acquisitions-api","timestamp":"2026-02-28T14:05:53.572Z"}
{"level":"info","message":"User registered successfully: test@example.com","service":"acquisitions-api","timestamp":"2026-02-28T14:05:59.410Z"}
{"level":"info","message":"::1 - - [28/Feb/2026:14:05:59 +0000] \"POST /api/auth/sign-up HTTP/1.1\" 201 105 \"-\" \"curl/8.7.1\"","service":"acquisitions-api","timestamp":"2026-02-28T14:05:59.411Z"}
{"level":"info","message":"User registered successfully: test2@example.com","service":"acquisitions-api","timestamp":"2026-02-28T14:06:01.719Z"}
{"level":"info","message":"::1 - - [28/Feb/2026:14:06:01 +0000] \"POST /api/auth/sign-up HTTP/1.1\" 201 106 \"-\" \"curl/8.7.1\"","service":"acquisitions-api","timestamp":"2026-02-28T14:06:01.719Z"}
{"level":"info","message":"Hello from Acquisitions!","service":"acquisitions-api"}
{"level":"info","message":"::1 - - [28/Feb/2026:14:10:48 +0000] \"GET / HTTP/1.1\" 200 24 \"-\" \"PostmanRuntime/7.48.0\"","service":"acquisitions-api"}
{"level":"info","message":"::1 - - [28/Feb/2026:14:10:56 +0000] \"POST /api/auth/sign-up/ HTTP/1.1\" 400 91 \"-\" \"PostmanRuntime/7.48.0\"","service":"acquisitions-api"}
{"level":"info","message":"::1 - - [28/Feb/2026:14:11:06 +0000] \"POST /api/auth/sign-up/ HTTP/1.1\" 400 92 \"-\" \"PostmanRuntime/7.48.0\"","service":"acquisitions-api"}
{"level":"info","message":"User registered successfully: revanth.jsr@gmail.com","service":"acquisitions-api"}
{"level":"info","message":"::1 - - [28/Feb/2026:14:11:16 +0000] \"POST /api/auth/sign-up/ HTTP/1.1\" 201 108 \"-\" \"PostmanRuntime/7.48.0\"","service":"acquisitions-api"}
{"level":"info","message":"Hello from Acquisitions!","service":"acquisitions-api"}
{"level":"info","message":"::1 - - [28/Feb/2026:14:15:59 +0000] \"GET / HTTP/1.1\" 200 24 \"-\" \"curl/8.7.1\"","service":"acquisitions-api"}
{"level":"info","message":"User registered successfully: revanth.jsr@gmail.com","service":"acquisitions-api"}
{"level":"info","message":"::1 - - [28/Feb/2026:14:17:42 +0000] \"POST /api/auth/sign-up/ HTTP/1.1\" 201 108 \"-\" \"PostmanRuntime/7.48.0\"","service":"acquisitions-api"}
{"level":"error","message":"Signup error createUser is not defined","service":"acquisitions-api","stack":"ReferenceError: createUser is not defined\n    at signup (file:///Users/revanthv/Documents/Programs/WebDev/acquisitions/src/controllers/auth.controller.js:18:18)\n    at Layer.handleRequest (/Users/revanthv/Documents/Programs/WebDev/acquisitions/node_modules/router/lib/layer.js:152:17)\n    at next (/Users/revanthv/Documents/Programs/WebDev/acquisitions/node_modules/router/lib/route.js:157:13)\n    at Route.dispatch (/Users/revanthv/Documents/Programs/WebDev/acquisitions/node_modules/router/lib/route.js:117:3)\n    at handle (/Users/revanthv/Documents/Programs/WebDev/acquisitions/node_modules/router/index.js:435:11)\n    at Layer.handleRequest (/Users/revanthv/Documents/Programs/WebDev/acquisitions/node_modules/router/lib/layer.js:152:17)\n    at /Users/revanthv/Documents/Programs/WebDev/acquisitions/node_modules/router/index.js:295:15\n    at processParams (/Users/revanthv/Documents/Programs/WebDev/acquisitions/node_modules/router/index.js:582:12)\n    at next (/Users/revanthv/Documents/Programs/WebDev/acquisitions/node_modules/router/index.js:291:5)\n    at Function.handle (/Users/revanthv/Documents/Programs/WebDev/acquisitions/node_modules/router/index.js:186:3)"}
{"level":"info","message":"::1 - - [28/Feb/2026:19:41:12 +0000] \"POST /api/auth/sign-up/ HTTP/1.1\" 500 1430 \"-\" \"PostmanRuntime/7.48.0\"","service":"acquisitions-api"}
{"level":"info","message":"::1 - - [28/Feb/2026:19:48:36 +0000] \"POST /api/auth/sign-up/ HTTP/1.1\" 400 91 \"-\" \"PostmanRuntime/7.48.0\"","service":"acquisitions-api"}
{"level":"error","message":"Error creating the user: Error: Failed query: insert into \"users\" (\"id\", \"name\", \"email\", \"password\", \"role\", \"created_at\", \"updated_at\") values (default, $1, $2, $3, $4, default, default) returning \"id\", \"name\", \"email\", \"role\", \"created_at\"\nparams: Revanth,revanth.jsr@gmail.com,$2b$10$SMYyli092YC7QwNSny8oiOcbqeASofNI5C/MtFus2eci3O63DHumS,admin","service":"acquisitions-api"}
{"cause":{"name":"NeonDbError","sourceError":{}},"level":"error","message":"Signup error Failed query: insert into \"users\" (\"id\", \"name\", \"email\", \"password\", \"role\", \"created_at\", \"updated_at\") values (default, $1, $2, $3, $4, default, default) returning \"id\", \"name\", \"email\", \"role\", \"created_at\"\nparams: Revanth,revanth.jsr@gmail.com,$2b$10$SMYyli092YC7QwNSny8oiOcbqeASofNI5C/MtFus2eci3O63DHumS,admin","params":["Revanth","revanth.jsr@gmail.com","$2b$10$SMYyli092YC7QwNSny8oiOcbqeASofNI5C/MtFus2eci3O63DHumS","admin"],"query":"insert into \"users\" (\"id\", \"name\", \"email\", \"password\", \"role\", \"created_at\", \"updated_at\") values (default, $1, $2, $3, $4, default, default) returning \"id\", \"name\", \"email\", \"role\", \"created_at\"","service":"acquisitions-api","stack":"Error: Failed query: insert into \"users\" (\"id\", \"name\", \"email\", \"password\", \"role\", \"created_at\", \"updated_at\") values (default, $1, $2, $3, $4, default, default) returning \"id\", \"name\", \"email\", \"role\", \"created_at\"\nparams: Revanth,revanth.jsr@gmail.com,$2b$10$SMYyli092YC7QwNSny8oiOcbqeASofNI5C/MtFus2eci3O63DHumS,admin\n    at NeonHttpPreparedQuery.queryWithCache (file:///Users/revanthv/Documents/Programs/WebDev/acquisitions/node_modules/drizzle-orm/pg-core/session.js:41:15)\n    at process.processTicksAndRejections (node:internal/process/task_queues:105:5)\n    at async NeonHttpPreparedQuery.execute (file:///Users/revanthv/Documents/Programs/WebDev/acquisitions/node_modules/drizzle-orm/neon-http/session.js:45:20)\n    at async createUser (file:///Users/revanthv/Documents/Programs/WebDev/acquisitions/src/services/auth.service.js:28:23)\n    at async signup (file:///Users/revanthv/Documents/Programs/WebDev/acquisitions/src/controllers/auth.controller.js:21:18)"}
{"level":"info","message":"::1 - - [28/Feb/2026:19:48:45 +0000] \"POST /api/auth/sign-up/ HTTP/1.1\" 500 1295 \"-\" \"PostmanRuntime/7.48.0\"","service":"acquisitions-api"}
{"level":"info","message":"Hello from Acquisitions!","service":"acquisitions-api"}
{"level":"info","message":"::1 - - [28/Feb/2026:19:50:06 +0000] \"GET / HTTP/1.1\" 200 24 \"-\" \"PostmanRuntime/7.48.0\"","service":"acquisitions-api"}
{"level":"info","message":"::1 - - [28/Feb/2026:19:50:11 +0000] \"GET /api/ HTTP/1.1\" 200 42 \"-\" \"PostmanRuntime/7.48.0\"","service":"acquisitions-api"}
{"level":"info","message":"::1 - - [28/Feb/2026:19:50:28 +0000] \"POST /api/auth/sign-up/ HTTP/1.1\" 400 91 \"-\" \"PostmanRuntime/7.48.0\"","service":"acquisitions-api"}
{"level":"error","message":"Error creating the user: Error: Failed query: insert into \"users\" (\"id\", \"name\", \"email\", \"password\", \"role\", \"created_at\", \"updated_at\") values (default, $1, $2, $3, $4, default, default) returning \"id\", \"name\", \"email\", \"role\", \"created_at\"\nparams: Revanth,revanth.jsr@gmail.com,$2b$10$yKtKx/L9seedBjB4fTQmT.GwTvtW98zTvnGoovRzOqE3e1JAKALmC,admin","service":"acquisitions-api"}
{"cause":{"name":"NeonDbError","sourceError":{}},"level":"error","message":"Signup error Failed query: insert into \"users\" (\"id\", \"name\", \"email\", \"password\", \"role\", \"created_at\", \"updated_at\") values (default, $1, $2, $3, $4, default, default) returning \"id\", \"name\", \"email\", \"role\", \"created_at\"\nparams: Revanth,revanth.jsr@gmail.com,$2b$10$yKtKx/L9seedBjB4fTQmT.GwTvtW98zTvnGoovRzOqE3e1JAKALmC,admin","params":["Revanth","revanth.jsr@gmail.com","$2b$10$yKtKx/L9seedBjB4fTQmT.GwTvtW98zTvnGoovRzOqE3e1JAKALmC","admin"],"query":"insert into \"users\" (\"id\", \"name\", \"email\", \"password\", \"role\", \"created_at\", \"updated_at\") values (default, $1, $2, $3, $4, default, default) returning \"id\", \"name\", \"email\", \"role\", \"created_at\"","service":"acquisitions-api","stack":"Error: Failed query: insert into \"users\" (\"id\", \"name\", \"email\", \"password\", \"role\", \"created_at\", \"updated_at\") values (default, $1, $2, $3, $4, default, default) returning \"id\", \"name\", \"email\", \"role\", \"created_at\"\nparams: Revanth,revanth.jsr@gmail.com,$2b$10$yKtKx/L9seedBjB4fTQmT.GwTvtW98zTvnGoovRzOqE3e1JAKALmC,admin\n    at NeonHttpPreparedQuery.queryWithCache (file:///Users/revanthv/Documents/Programs/WebDev/acquisitions/node_modules/drizzle-orm/pg-core/session.js:41:15)\n    at process.processTicksAndRejections (node:internal/process/task_queues:105:5)\n    at async NeonHttpPreparedQuery.execute (file:///Users/revanthv/Documents/Programs/WebDev/acquisitions/node_modules/drizzle-orm/neon-http/session.js:45:20)\n    at async createUser (file:///Users/revanthv/Documents/Programs/WebDev/acquisitions/src/services/auth.service.js:28:23)\n    at async signup (file:///Users/revanthv/Documents/Programs/WebDev/acquisitions/src/controllers/auth.controller.js:21:18)"}
{"level":"info","message":"::1 - - [28/Feb/2026:19:50:35 +0000] \"POST /api/auth/sign-up/ HTTP/1.1\" 500 1295 \"-\" \"PostmanRuntime/7.48.0\"","service":"acquisitions-api"}
{"level":"info","message":"::1 - - [28/Feb/2026:20:09:38 +0000] \"POST /api/auth/sign-up/ HTTP/1.1\" 400 91 \"-\" \"PostmanRuntime/7.48.0\"","service":"acquisitions-api"}
{"level":"info","message":"User revanth.jsr@gmail.com created successfully","service":"acquisitions-api"}
{"level":"info","message":"User registered successfully: revanth.jsr@gmail.com","service":"acquisitions-api"}
{"level":"info","message":"::1 - - [28/Feb/2026:20:09:46 +0000] \"POST /api/auth/sign-up/ HTTP/1.1\" 201 109 \"-\" \"PostmanRuntime/7.48.0\"","service":"acquisitions-api"}
{"level":"info","message":"User rushil.v14@gmail.com created successfully","service":"acquisitions-api"}
{"level":"info","message":"User registered successfully: rushil.v14@gmail.com","service":"acquisitions-api"}
{"level":"info","message":"::1 - - [28/Feb/2026:20:11:14 +0000] \"POST /api/auth/sign-up/ HTTP/1.1\" 201 106 \"-\" \"PostmanRuntime/7.48.0\"","service":"acquisitions-api"}
{"level":"info","message":"Hello from Acquisitions!","service":"acquisitions-api"}
{"level":"info","message":"::1 - - [02/Mar/2026:08:23:50 +0000] \"GET / HTTP/1.1\" 200 24 \"-\" \"PostmanRuntime/7.51.1\"","service":"acquisitions-api"}
{"level":"info","message":"::1 - - [02/Mar/2026:08:24:25 +0000] \"GET /api/ HTTP/1.1\" 200 42 \"-\" \"PostmanRuntime/7.51.1\"","service":"acquisitions-api"}
{"level":"error","message":"Error authenticating user: Error: Failed query: select \"id\", \"name\", \"email\", \"password\", \"role\", \"created_at\", \"updated_at\" from \"users\" where \"users\".\"email\" = $1 limit $2\nparams: revanth.jsr@gmail.com,1","service":"acquisitions-api"}
{"cause":{"name":"NeonDbError","sourceError":{}},"level":"error","message":"Signin error Failed query: select \"id\", \"name\", \"email\", \"password\", \"role\", \"created_at\", \"updated_at\" from \"users\" where \"users\".\"email\" = $1 limit $2\nparams: revanth.jsr@gmail.com,1","params":["revanth.jsr@gmail.com",1],"query":"select \"id\", \"name\", \"email\", \"password\", \"role\", \"created_at\", \"updated_at\" from \"users\" where \"users\".\"email\" = $1 limit $2","service":"acquisitions-api","stack":"Error: Failed query: select \"id\", \"name\", \"email\", \"password\", \"role\", \"created_at\", \"updated_at\" from \"users\" where \"users\".\"email\" = $1 limit $2\nparams: revanth.jsr@gmail.com,1\n    at NeonHttpPreparedQuery.queryWithCache (file:///Users/revanthv/Documents/Programs/WebDev/acquisitions/node_modules/drizzle-orm/pg-core/session.js:41:15)\n    at process.processTicksAndRejections (node:internal/process/task_queues:105:5)\n    at async NeonHttpPreparedQuery.execute (file:///Users/revanthv/Documents/Programs/WebDev/acquisitions/node_modules/drizzle-orm/neon-http/session.js:45:20)\n    at async authenticateUser (file:///Users/revanthv/Documents/Programs/WebDev/acquisitions/src/services/auth.service.js:27:20)\n    at async signin (file:///Users/revanthv/Documents/Programs/WebDev/acquisitions/src/controllers/auth.controller.js:65:18)"}
{"level":"info","message":"::1 - - [02/Mar/2026:08:29:24 +0000] \"POST /api/auth/sign-in/ HTTP/1.1\" 500 1127 \"-\" \"PostmanRuntime/7.51.1\"","service":"acquisitions-api"}
{"level":"error","message":"Error authenticating user: Error: Failed query: select \"id\", \"name\", \"email\", \"password\", \"role\", \"created_at\", \"updated_at\" from \"users\" where \"users\".\"email\" = $1 limit $2\nparams: revanth.jsr@gmail.com,1","service":"acquisitions-api"}
{"cause":{"name":"NeonDbError","sourceError":{}},"level":"error","message":"Signin error Failed query: select \"id\", \"name\", \"email\", \"password\", \"role\", \"created_at\", \"updated_at\" from \"users\" where \"users\".\"email\" = $1 limit $2\nparams: revanth.jsr@gmail.com,1","params":["revanth.jsr@gmail.com",1],"query":"select \"id\", \"name\", \"email\", \"password\", \"role\", \"created_at\", \"updated_at\" from \"users\" where \"users\".\"email\" = $1 limit $2","service":"acquisitions-api","stack":"Error: Failed query: select \"id\", \"name\", \"email\", \"password\", \"role\", \"created_at\", \"updated_at\" from \"users\" where \"users\".\"email\" = $1 limit $2\nparams: revanth.jsr@gmail.com,1\n    at NeonHttpPreparedQuery.queryWithCache (file:///Users/revanthv/Documents/Programs/WebDev/acquisitions/node_modules/drizzle-orm/pg-core/session.js:41:15)\n    at process.processTicksAndRejections (node:internal/process/task_queues:105:5)\n    at async NeonHttpPreparedQuery.execute (file:///Users/revanthv/Documents/Programs/WebDev/acquisitions/node_modules/drizzle-orm/neon-http/session.js:45:20)\n    at async authenticateUser (file:///Users/revanthv/Documents/Programs/WebDev/acquisitions/src/services/auth.service.js:27:20)\n    at async signin (file:///Users/revanthv/Documents/Programs/WebDev/acquisitions/src/controllers/auth.controller.js:65:18)"}
{"level":"info","message":"::1 - - [02/Mar/2026:08:29:38 +0000] \"POST /api/auth/sign-in/ HTTP/1.1\" 500 1127 \"-\" \"PostmanRuntime/7.51.1\"","service":"acquisitions-api"}
{"level":"error","message":"Error authenticating user: Error: Failed query: select \"id\", \"name\", \"email\", \"password\", \"role\", \"created_at\", \"updated_at\" from \"users\" where \"users\".\"email\" = $1 limit $2\nparams: revanth.jsr@gmail.com,1","service":"acquisitions-api"}
{"cause":{"name":"NeonDbError","sourceError":{}},"level":"error","message":"Signin error Failed query: select \"id\", \"name\", \"email\", \"password\", \"role\", \"created_at\", \"updated_at\" from \"users\" where \"users\".\"email\" = $1 limit $2\nparams: revanth.jsr@gmail.com,1","params":["revanth.jsr@gmail.com",1],"query":"select \"id\", \"name\", \"email\", \"password\", \"role\", \"created_at\", \"updated_at\" from \"users\" where \"users\".\"email\" = $1 limit $2","service":"acquisitions-api","stack":"Error: Failed query: select \"id\", \"name\", \"email\", \"password\", \"role\", \"created_at\", \"updated_at\" from \"users\" where \"users\".\"email\" = $1 limit $2\nparams: revanth.jsr@gmail.com,1\n    at NeonHttpPreparedQuery.queryWithCache (file:///Users/revanthv/Documents/Programs/WebDev/acquisitions/node_modules/drizzle-orm/pg-core/session.js:41:15)\n    at process.processTicksAndRejections (node:internal/process/task_queues:105:5)\n    at async NeonHttpPreparedQuery.execute (file:///Users/revanthv/Documents/Programs/WebDev/acquisitions/node_modules/drizzle-orm/neon-http/session.js:45:20)\n    at async authenticateUser (file:///Users/revanthv/Documents/Programs/WebDev/acquisitions/src/services/auth.service.js:27:20)\n    at async signin (file:///Users/revanthv/Documents/Programs/WebDev/acquisitions/src/controllers/auth.controller.js:65:18)"}
{"level":"info","message":"::1 - - [02/Mar/2026:08:29:43 +0000] \"POST /api/auth/sign-in/ HTTP/1.1\" 500 1127 \"-\" \"PostmanRuntime/7.51.1\"","service":"acquisitions-api"}
{"level":"info","message":"Hello from Acquisitions!","service":"acquisitions-api"}
{"level":"info","message":"::1 - - [02/Mar/2026:08:32:06 +0000] \"GET / HTTP/1.1\" 200 24 \"-\" \"PostmanRuntime/7.51.1\"","service":"acquisitions-api"}
{"level":"error","message":"Error authenticating user: Error: Failed query: select \"id\", \"name\", \"email\", \"password\", \"role\", \"created_at\", \"updated_at\" from \"users\" where \"users\".\"email\" = $1 limit $2\nparams: rushil.v14@gmail.com,1","service":"acquisitions-api"}
{"cause":{"name":"NeonDbError","sourceError":{}},"level":"error","message":"Signin error Failed query: select \"id\", \"name\", \"email\", \"password\", \"role\", \"created_at\", \"updated_at\" from \"users\" where \"users\".\"email\" = $1 limit $2\nparams: rushil.v14@gmail.com,1","params":["rushil.v14@gmail.com",1],"query":"select \"id\", \"name\", \"email\", \"password\", \"role\", \"created_at\", \"updated_at\" from \"users\" where \"users\".\"email\" = $1 limit $2","service":"acquisitions-api","stack":"Error: Failed query: select \"id\", \"name\", \"email\", \"password\", \"role\", \"created_at\", \"updated_at\" from \"users\" where \"users\".\"email\" = $1 limit $2\nparams: rushil.v14@gmail.com,1\n    at NeonHttpPreparedQuery.queryWithCache (file:///Users/revanthv/Documents/Programs/WebDev/acquisitions/node_modules/drizzle-orm/pg-core/session.js:41:15)\n    at process.processTicksAndRejections (node:internal/process/task_queues:105:5)\n    at async NeonHttpPreparedQuery.execute (file:///Users/revanthv/Documents/Programs/WebDev/acquisitions/node_modules/drizzle-orm/neon-http/session.js:45:20)\n    at async authenticateUser (file:///Users/revanthv/Documents/Programs/WebDev/acquisitions/src/services/auth.service.js:27:20)\n    at async signin (file:///Users/revanthv/Documents/Programs/WebDev/acquisitions/src/controllers/auth.controller.js:65:18)"}
{"level":"info","message":"::1 - - [02/Mar/2026:08:32:48 +0000] \"POST /api/auth/sign-in/ HTTP/1.1\" 500 1126 \"-\" \"PostmanRuntime/7.51.1\"","service":"acquisitions-api"}
{"level":"info","message":"Hello from Acquisitions!","service":"acquisitions-api"}
{"level":"info","message":"::1 - - [02/Mar/2026:09:39:14 +0000] \"GET / HTTP/1.1\" 200 24 \"-\" \"PostmanRuntime/7.51.1\"","service":"acquisitions-api"}
{"level":"info","message":"Hello from Acquisitions!","service":"acquisitions-api"}
{"level":"info","message":"::1 - - [02/Mar/2026:09:44:37 +0000] \"GET / HTTP/1.1\" 200 24 \"-\" \"PostmanRuntime/7.51.1\"","service":"acquisitions-api"}
{"level":"info","message":"User rushil.v14@gmail.com authenticated successfully","service":"acquisitions-api"}
{"level":"info","message":"User signed in successfully: rushil.v14@gmail.com","service":"acquisitions-api"}
{"level":"info","message":"::1 - - [02/Mar/2026:09:44:46 +0000] \"POST /api/auth/sign-in/ HTTP/1.1\" 200 113 \"-\" \"PostmanRuntime/7.51.1\"","service":"acquisitions-api"}
{"level":"info","message":"User signed out successfully","service":"acquisitions-api"}
{"level":"info","message":"::1 - - [02/Mar/2026:09:49:21 +0000] \"POST /api/auth/sign-out/ HTTP/1.1\" 200 37 \"-\" \"PostmanRuntime/7.51.1\"","service":"acquisitions-api"}
{"level":"error","message":"Error authenticating user: Error: Invalid email or password","service":"acquisitions-api"}
{"level":"error","message":"Signin error Invalid email or password","service":"acquisitions-api","stack":"Error: Invalid email or password\n    at authenticateUser (file:///Users/revanthv/Documents/Programs/WebDev/acquisitions/src/services/auth.service.js:37:25)\n    at async signin (file:///Users/revanthv/Documents/Programs/WebDev/acquisitions/src/controllers/auth.controller.js:65:18)"}
{"level":"info","message":"::1 - - [02/Mar/2026:09:49:38 +0000] \"POST /api/auth/sign-in/ HTTP/1.1\" 401 37 \"-\" \"PostmanRuntime/7.51.1\"","service":"acquisitions-api"}
